{"name": "test_add[小数]", "status": "failed", "statusDetails": {"message": "AssertionError: assert 34.066700000000004 == 34.0667\n  +34.066700000000004\n  -34.0667", "trace": "self = <testing.test_operation1.TestA object at 0x000001902D3DC340>, x = 34.002, y = 0.0647\nexpected = 34.0667\n\n    @pytest.mark.parametrize('x, y, expected', yaml_data_with_key('valid_add'),\n                             ids=['整数', '小数', '小数整数', '字符串整数', '字符串小数'])\n    def test_add(self, x, y, expected):\n        r = add(x, y)\n        print(f\"{x}+{y}=\", r)\n>       assert r == expected\nE       assert 34.066700000000004 == 34.0667\nE         +34.066700000000004\nE         -34.0667\n\ntesting\\test_operation1.py:31: AssertionError"}, "attachments": [{"name": "stdout", "source": "e66c9bf7-1487-44e4-a5d6-ee56c7517caa-attachment.txt", "type": "text/plain"}], "parameters": [{"name": "x", "value": "34.002"}, {"name": "y", "value": "0.0647"}, {"name": "expected", "value": "34.0667"}], "start": 1597829565154, "stop": 1597829565155, "uuid": "85895b80-e4dd-4e9a-b87e-671d6c82d03e", "historyId": "d1780cd6bd528a2ee85df2487b38180c", "testCaseId": "36e0b267253f888bf86d347af467761a", "fullName": "testing.test_operation1.TestA#test_add", "labels": [{"name": "parentSuite", "value": "testing"}, {"name": "suite", "value": "test_operation1"}, {"name": "subSuite", "value": "TestA"}, {"name": "host", "value": "LAPTOP-O258QM4M"}, {"name": "thread", "value": "12412-MainThread"}, {"name": "framework", "value": "pytest"}, {"name": "language", "value": "cpython3"}, {"name": "package", "value": "testing.test_operation1"}]}