{"name": "test_add[小数]", "status": "failed", "statusDetails": {"message": "AssertionError: assert 34.066700000000004 == 34.0667\n  +34.066700000000004\n  -34.0667", "trace": "self = <testing.testFixture.test_operation2.TestB object at 0x0000020985C85CA0>\nx = 34.002, y = 0.0647, expected = 34.0667\n\n    @pytest.mark.run(order=1)\n    @pytest.mark.parametrize('x, y, expected', yaml_data_with_key('valid_add')[0],\n                             ids=yaml_data_with_key('valid_add')[1])\n    def test_add(self, x, y, expected):\n        r = add(x, y)\n        print(f\"{x}+{y}=\", r)\n>       assert r == expected\nE       assert 34.066700000000004 == 34.0667\nE         +34.066700000000004\nE         -34.0667\n\ntest_operation2.py:19: AssertionError"}, "attachments": [{"name": "stdout", "source": "e69c8533-556d-4719-8521-d05ad72efd07-attachment.txt", "type": "text/plain"}], "parameters": [{"name": "x", "value": "34.002"}, {"name": "y", "value": "0.0647"}, {"name": "expected", "value": "34.0667"}], "start": 1597888465344, "stop": 1597888465344, "uuid": "236a54ec-619d-49e0-a5b5-1536e1283465", "historyId": "884d0042478ce32ad1edd54117f0960e", "testCaseId": "70ab598a7d25549ff126384532e89726", "fullName": "testing.testFixture.test_operation2.TestB#test_add", "labels": [{"name": "tag", "value": "run(order=1)"}, {"name": "parentSuite", "value": "testing.testFixture"}, {"name": "suite", "value": "test_operation2"}, {"name": "subSuite", "value": "TestB"}, {"name": "host", "value": "LAPTOP-O258QM4M"}, {"name": "thread", "value": "6996-MainThread"}, {"name": "framework", "value": "pytest"}, {"name": "language", "value": "cpython3"}, {"name": "package", "value": "testing.testFixture.test_operation2"}]}